<?xml version="1.0" encoding="UTF-8"?>
<!-- Generated by org.testng.reporters.JUnitReportReporter -->
<testsuite skipped="0" hostname="DESKTOP-2QFUP5N" name="com.orangehrmlive.DataProviderTest" tests="2" failures="0" timestamp="2020-12-07T11:44:44 IST" time="50.011" errors="0">
  <testcase name="f" time="18.052" classname="com.orangehrmlive.DataProviderTest"/>
  <system-out/>
  <testcase name="f" time="31.959" classname="com.orangehrmlive.DataProviderTest"/>
  <system-out/>
</testsuite> <!-- com.orangehrmlive.DataProviderTest -->
