<?xml version="1.0" encoding="UTF-8"?>
<!-- Generated by org.testng.reporters.JUnitReportReporter -->
<testsuite skipped="0" hostname="DESKTOP-2QFUP5N" name="com.orangehrmlive.XmlTest" tests="1" failures="0" timestamp="2020-12-07T11:17:39 IST" time="18.210" errors="0">
  <testcase name="paraTest" time="18.210" classname="com.orangehrmlive.XmlTest"/>
  <system-out/>
</testsuite> <!-- com.orangehrmlive.XmlTest -->
