<?xml version="1.0" encoding="UTF-8"?>
<!-- Generated by org.testng.reporters.JUnitReportReporter -->
<testsuite skipped="0" hostname="DESKTOP-2QFUP5N" name="com.orangehrmlive.TestNGDemo" tests="3" failures="0" timestamp="2020-12-07T11:17:39 IST" time="31.605" errors="0">
  <testcase name="timeTest" time="6.641" classname="com.orangehrmlive.TestNGDemo"/>
  <system-out/>
  <testcase name="adminTest" time="16.770" classname="com.orangehrmlive.TestNGDemo"/>
  <system-out/>
  <testcase name="leaveTest" time="8.194" classname="com.orangehrmlive.TestNGDemo"/>
  <system-out/>
</testsuite> <!-- com.orangehrmlive.TestNGDemo -->
