<?xml version="1.0" encoding="UTF-8"?>
<!-- Generated by org.testng.reporters.JUnitReportReporter -->
<testsuite skipped="0" hostname="DESKTOP-2QFUP5N" name="com.orangehrmlive.GroupTest" tests="4" failures="0" timestamp="2020-12-07T17:25:15 IST" time="0.003" errors="0">
  <testcase name="adminmodue1" time="0.000" classname="com.orangehrmlive.GroupTest"/>
  <system-out/>
  <testcase name="leavemodule1" time="0.001" classname="com.orangehrmlive.GroupTest"/>
  <system-out/>
  <testcase name="adminmodue2" time="0.000" classname="com.orangehrmlive.GroupTest"/>
  <system-out/>
  <testcase name="leavemodule2" time="0.002" classname="com.orangehrmlive.GroupTest"/>
  <system-out/>
</testsuite> <!-- com.orangehrmlive.GroupTest -->
