<?xml version="1.0" encoding="UTF-8"?>
<!-- Generated by org.testng.reporters.JUnitReportReporter -->
<testsuite skipped="0" hostname="DESKTOP-2QFUP5N" name="com.orangehrmlive.TestNGDemo" tests="3" failures="0" timestamp="2020-12-07T17:25:15 IST" time="24.268" errors="0">
  <testcase name="timeTest" time="12.206" classname="com.orangehrmlive.TestNGDemo"/>
  <system-out/>
  <testcase name="leaveTest" time="6.572" classname="com.orangehrmlive.TestNGDemo"/>
  <system-out/>
  <testcase name="adminTest" time="5.490" classname="com.orangehrmlive.TestNGDemo"/>
  <system-out/>
</testsuite> <!-- com.orangehrmlive.TestNGDemo -->
